<?xml version="1.0" encoding="UTF-8"?>
<testng-results skipped="0" failed="0" ignored="0" total="1" passed="1">
  <reporter-output>
    <line>
      <![CDATA[Title is matching]]>
    </line>
  </reporter-output>
  <suite name="Default suite" duration-ms="51008" started-at="2024-03-21T14:05:30 IST" finished-at="2024-03-21T14:06:21 IST">
    <groups>
    </groups>
    <test name="Default test" duration-ms="51008" started-at="2024-03-21T14:05:30 IST" finished-at="2024-03-21T14:06:21 IST">
      <class name="scripts.swagBuy">
        <test-method status="PASS" signature="setPath()[pri:0, instance:scripts.swagBuy@8e24743]" name="setPath" is-config="true" duration-ms="11" started-at="2024-03-21T14:05:30 IST" finished-at="2024-03-21T14:05:30 IST">
          <reporter-output>
          </reporter-output>
        </test-method> <!-- setPath -->
        <test-method status="PASS" signature="launchBrowser()[pri:0, instance:scripts.swagBuy@8e24743]" name="launchBrowser" is-config="true" duration-ms="40415" started-at="2024-03-21T14:05:30 IST" finished-at="2024-03-21T14:06:11 IST">
          <reporter-output>
          </reporter-output>
        </test-method> <!-- launchBrowser -->
        <test-method status="PASS" signature="swagBuyScript()[pri:0, instance:scripts.swagBuy@8e24743]" name="swagBuyScript" duration-ms="2717" started-at="2024-03-21T14:06:11 IST" finished-at="2024-03-21T14:06:13 IST">
          <reporter-output>
            <line>
              <![CDATA[Title is matching]]>
            </line>
          </reporter-output>
        </test-method> <!-- swagBuyScript -->
        <test-method status="PASS" signature="closeBrowser()[pri:0, instance:scripts.swagBuy@8e24743]" name="closeBrowser" is-config="true" duration-ms="7763" started-at="2024-03-21T14:06:13 IST" finished-at="2024-03-21T14:06:21 IST">
          <reporter-output>
          </reporter-output>
        </test-method> <!-- closeBrowser -->
      </class> <!-- scripts.swagBuy -->
    </test> <!-- Default test -->
  </suite> <!-- Default suite -->
</testng-results>
